# JRE version: Java(TM) SE Runtime Environment (17.0.12+8) (build 17.0.12+8-LTS-286)
# Java VM: Java HotSpot(TM) 64-Bit Server VM (17.0.12+8-LTS-286, mixed mode, sharing, tiered, compressed oops, compressed class ptrs, g1 gc, windows-amd64)
GC Precious Log:
 CPUs: 12 total, 12 available
 Memory: 16042M
 Large Page Support: Disabled
 NUMA Support: Disabled
 Compressed Oops: Enabled (Zero based)
 Heap Region Size: 2M
 Heap Min Capacity: 8M
 Heap Initial Capacity: 252M
 Heap Max Capacity: 4012M
 Pre-touch: Disabled
 Parallel Workers: 10
 Concurrent Workers: 3
 Concurrent Refinement Workers: 10
 Periodic GC: Disabled
Heap:
 garbage-first heap   total 116736K, used 87254K [0x0000000705400000, 0x0000000800000000)
  region size 2048K, 23 young (47104K), 1 survivors (2048K)
 Metaspace       used 91178K, committed 91904K, reserved 1179648K
  class space    used 12116K, committed 12480K, reserved 1048576K
GC Heap History (20 events):
Event: 63.580 GC heap before
{Heap before GC invocations=35 (full 0):
 garbage-first heap   total 116736K, used 97356K [0x0000000705400000, 0x0000000800000000)
  region size 2048K, 28 young (57344K), 2 survivors (4096K)
 Metaspace       used 91016K, committed 91776K, reserved 1179648K
  class space    used 12116K, committed 12480K, reserved 1048576K
}
Event: 63.583 GC heap after
{Heap after GC invocations=36 (full 0):
 garbage-first heap   total 116736K, used 44120K [0x0000000705400000, 0x0000000800000000)
  region size 2048K, 2 young (4096K), 2 survivors (4096K)
 Metaspace       used 91016K, committed 91776K, reserved 1179648K
  class space    used 12116K, committed 12480K, reserved 1048576K
}
Event: 64.930 GC heap before
{Heap before GC invocations=36 (full 0):
 garbage-first heap   total 116736K, used 97368K [0x0000000705400000, 0x0000000800000000)
  region size 2048K, 28 young (57344K), 2 survivors (4096K)
 Metaspace       used 91024K, committed 91776K, reserved 1179648K
  class space    used 12116K, committed 12480K, reserved 1048576K
}
Event: 64.933 GC heap after
{Heap after GC invocations=37 (full 0):
 garbage-first heap   total 116736K, used 44226K [0x0000000705400000, 0x0000000800000000)
  region size 2048K, 1 young (2048K), 1 survivors (2048K)
 Metaspace       used 91024K, committed 91776K, reserved 1179648K
  class space    used 12116K, committed 12480K, reserved 1048576K
}
Event: 66.242 GC heap before
{Heap before GC invocations=37 (full 0):
 garbage-first heap   total 116736K, used 99522K [0x0000000705400000, 0x0000000800000000)
  region size 2048K, 28 young (57344K), 1 survivors (2048K)
 Metaspace       used 91035K, committed 91840K, reserved 1179648K
  class space    used 12116K, committed 12480K, reserved 1048576K
}
Event: 66.243 GC heap after
{Heap after GC invocations=38 (full 0):
 garbage-first heap   total 116736K, used 44192K [0x0000000705400000, 0x0000000800000000)
  region size 2048K, 1 young (2048K), 1 survivors (2048K)
 Metaspace       used 91035K, committed 91840K, reserved 1179648K
  class space    used 12116K, committed 12480K, reserved 1048576K
}
Event: 67.695 GC heap before
{Heap before GC invocations=38 (full 0):
 garbage-first heap   total 116736K, used 99488K [0x0000000705400000, 0x0000000800000000)
  region size 2048K, 28 young (57344K), 1 survivors (2048K)
 Metaspace       used 91035K, committed 91840K, reserved 1179648K
  class space    used 12116K, committed 12480K, reserved 1048576K
}
Event: 67.696 GC heap after
{Heap after GC invocations=39 (full 0):
 garbage-first heap   total 116736K, used 44218K [0x0000000705400000, 0x0000000800000000)
  region size 2048K, 1 young (2048K), 1 survivors (2048K)
 Metaspace       used 91035K, committed 91840K, reserved 1179648K
  class space    used 12116K, committed 12480K, reserved 1048576K
}
Event: 69.023 GC heap before
{Heap before GC invocations=39 (full 0):
 garbage-first heap   total 116736K, used 99514K [0x0000000705400000, 0x0000000800000000)
  region size 2048K, 28 young (57344K), 1 survivors (2048K)
 Metaspace       used 91059K, committed 91840K, reserved 1179648K
  class space    used 12116K, committed 12480K, reserved 1048576K
}
Event: 69.024 GC heap after
{Heap after GC invocations=40 (full 0):
 garbage-first heap   total 116736K, used 44191K [0x0000000705400000, 0x0000000800000000)
  region size 2048K, 1 young (2048K), 1 survivors (2048K)
 Metaspace       used 91059K, committed 91840K, reserved 1179648K
  class space    used 12116K, committed 12480K, reserved 1048576K
}
Event: 70.329 GC heap before
{Heap before GC invocations=40 (full 0):
 garbage-first heap   total 116736K, used 99487K [0x0000000705400000, 0x0000000800000000)
  region size 2048K, 28 young (57344K), 1 survivors (2048K)
 Metaspace       used 91059K, committed 91840K, reserved 1179648K
  class space    used 12116K, committed 12480K, reserved 1048576K
}
Event: 70.330 GC heap after
{Heap after GC invocations=41 (full 0):
 garbage-first heap   total 116736K, used 44285K [0x0000000705400000, 0x0000000800000000)
  region size 2048K, 1 young (2048K), 1 survivors (2048K)
 Metaspace       used 91059K, committed 91840K, reserved 1179648K
  class space    used 12116K, committed 12480K, reserved 1048576K
}
Event: 71.813 GC heap before
{Heap before GC invocations=41 (full 0):
 garbage-first heap   total 116736K, used 99581K [0x0000000705400000, 0x0000000800000000)
  region size 2048K, 28 young (57344K), 1 survivors (2048K)
 Metaspace       used 91074K, committed 91840K, reserved 1179648K
  class space    used 12116K, committed 12480K, reserved 1048576K
}
Event: 71.814 GC heap after
{Heap after GC invocations=42 (full 0):
 garbage-first heap   total 116736K, used 44235K [0x0000000705400000, 0x0000000800000000)
  region size 2048K, 1 young (2048K), 1 survivors (2048K)
 Metaspace       used 91074K, committed 91840K, reserved 1179648K
  class space    used 12116K, committed 12480K, reserved 1048576K
}
Event: 73.227 GC heap before
{Heap before GC invocations=42 (full 0):
 garbage-first heap   total 116736K, used 99531K [0x0000000705400000, 0x0000000800000000)
  region size 2048K, 28 young (57344K), 1 survivors (2048K)
 Metaspace       used 91077K, committed 91840K, reserved 1179648K
  class space    used 12116K, committed 12480K, reserved 1048576K
}
Event: 73.228 GC heap after
{Heap after GC invocations=43 (full 0):
 garbage-first heap   total 116736K, used 44209K [0x0000000705400000, 0x0000000800000000)
  region size 2048K, 1 young (2048K), 1 survivors (2048K)
 Metaspace       used 91077K, committed 91840K, reserved 1179648K
  class space    used 12116K, committed 12480K, reserved 1048576K
}
Event: 74.554 GC heap before
{Heap before GC invocations=43 (full 0):
 garbage-first heap   total 116736K, used 99505K [0x0000000705400000, 0x0000000800000000)
  region size 2048K, 28 young (57344K), 1 survivors (2048K)
 Metaspace       used 91082K, committed 91840K, reserved 1179648K
  class space    used 12116K, committed 12480K, reserved 1048576K
}
Event: 74.555 GC heap after
{Heap after GC invocations=44 (full 0):
 garbage-first heap   total 116736K, used 44214K [0x0000000705400000, 0x0000000800000000)
  region size 2048K, 1 young (2048K), 1 survivors (2048K)
 Metaspace       used 91082K, committed 91840K, reserved 1179648K
  class space    used 12116K, committed 12480K, reserved 1048576K
}
Event: 76.149 GC heap before
{Heap before GC invocations=44 (full 0):
 garbage-first heap   total 116736K, used 99510K [0x0000000705400000, 0x0000000800000000)
  region size 2048K, 28 young (57344K), 1 survivors (2048K)
 Metaspace       used 91093K, committed 91904K, reserved 1179648K
  class space    used 12116K, committed 12480K, reserved 1048576K
}
Event: 76.150 GC heap after
{Heap after GC invocations=45 (full 0):
 garbage-first heap   total 116736K, used 44246K [0x0000000705400000, 0x0000000800000000)
  region size 2048K, 1 young (2048K), 1 survivors (2048K)
 Metaspace       used 91093K, committed 91904K, reserved 1179648K
  class space    used 12116K, committed 12480K, reserved 1048576K
}

